<?xml version="1.0" encoding="UTF-8"?>
<!-- Generated by org.testng.reporters.JUnitReportReporter -->
<testsuite skipped="0" hostname="DESKTOP-A2NOGUI" name="com.openedge.pacreation.Friday" tests="1" failures="0" timestamp="26 Apr 2019 12:58:45 GMT" time="29.487" errors="0">
  <testcase name="fridayTest" time="29.487" classname="com.openedge.pacreation.Friday"/>
</testsuite> <!-- com.openedge.pacreation.Friday -->
