<?xml version="1.0" encoding="UTF-8"?>
<!-- Generated by org.testng.reporters.JUnitReportReporter -->
<testsuite skipped="0" hostname="DESKTOP-A2NOGUI" name="com.openedge.pacreation.NewTest2" tests="1" failures="0" timestamp="11 Nov 2018 11:25:46 GMT" time="15.047" errors="0">
  <testcase name="f" time="15.047" classname="com.openedge.pacreation.NewTest2"/>
</testsuite> <!-- com.openedge.pacreation.NewTest2 -->
